---------------------------------------------------------------
[ 2019-08-29T12:16:16+08:00 ] 0.0.0.0 GET localhost:8888/bbseason/13/bbteamrank
[运行时间：0.098579s] [吞吐率：10.14req/s] [内存消耗：3,206.27kb] [文件加载：44]
[ info ] [ LANG ] /Users/xinliu-mbp/Git/svcsa_web/thinkphp/lang/zh-cn.php
[ info ] [ ROUTE ] array (
  'type' => 'module',
  'module' => 
  array (
    0 => 'index',
    1 => 'bbteam',
    2 => 'rank',
  ),
  'convert' => false,
)
[ info ] [ HEADER ] array (
  'host' => 'localhost:8888',
  'connection' => 'keep-alive',
  'cache-control' => 'max-age=0',
  'upgrade-insecure-requests' => '1',
  'user-agent' => 'Mozilla/5.0 (Macintosh; Intel Mac OS X 10_14_5) AppleWebKit/537.36 (KHTML, like Gecko) Chrome/76.0.3809.100 Safari/537.36',
  'sec-fetch-mode' => 'navigate',
  'sec-fetch-user' => '?1',
  'accept' => 'text/html,application/xhtml+xml,application/xml;q=0.9,image/webp,image/apng,*/*;q=0.8,application/signed-exchange;v=b3',
  'sec-fetch-site' => 'none',
  'referer' => 'http://localhost:8888/bbcompetition/1/recentseason',
  'accept-encoding' => 'gzip, deflate, br',
  'accept-language' => 'en-US,en;q=0.9,zh-CN;q=0.8,zh;q=0.7,mt;q=0.6,zh-TW;q=0.5',
)
[ info ] [ PARAM ] array (
  'seasonid' => '13',
)
[ info ] [ RUN ] app\index\controller\Bbteam->rank[ /Users/xinliu-mbp/Git/svcsa_web/application/index/controller/Bbteam.php ]
[ info ] [ DB ] INIT mysql
[ info ] [ VIEW ] /Users/xinliu-mbp/Git/svcsa_web/public/../application/index/view/bbteam/rank.html [ array (
  0 => 'bbcompetition',
  1 => 'sponsor',
  2 => 'nav',
  3 => 'otherseasons',
  4 => 'thisseason',
  5 => 'teamrankresult',
) ]
[ info ] [ LOG ] INIT File
[ sql ] [ DB ] CONNECT:[ UseTime:0.002211s ] mysql:host=127.0.0.1;port=8889;dbname=match;charset=utf8
[ sql ] [ SQL ] SHOW COLUMNS FROM `bb_competitionseason` [ RunTime:0.016931s ]
[ sql ] [ SQL ] SELECT * FROM `bb_competitionseason` WHERE  `SeasonID` = 13 LIMIT 1 [ RunTime:0.001291s ]
[ sql ] [ SQL ] SHOW COLUMNS FROM `bb_competition` [ RunTime:0.000535s ]
[ sql ] [ SQL ] SELECT * FROM `bb_competition` [ RunTime:0.000284s ]
[ sql ] [ SQL ] SHOW COLUMNS FROM `sponsor` [ RunTime:0.000589s ]
[ sql ] [ SQL ] SELECT * FROM `sponsor` [ RunTime:0.000300s ]
[ sql ] [ SQL ] SELECT * FROM `bb_competitionseason` WHERE  `CompetitionID` = 1 ORDER BY field(SeasonID,13),StartTime DESC [ RunTime:0.002086s ]
[ sql ] [ SQL ] SELECT * FROM 
                bb_team LEFT JOIN 
                (SELECT TeamAID AS TeamID, ScoreTeamA - ScoreTeamB AS Score FROM bb_match UNION SELECT TeamBID AS TeamID, ScoreTeamB - ScoreTeamA AS Score FROM bb_match) foo 
                ON bb_team.ID = foo.TeamID
                WHERE SeasonID =13
                ORDER BY Wins DESC, Score DESC [ RunTime:0.002079s ]
---------------------------------------------------------------
[ 2019-08-29T12:16:16+08:00 ] 0.0.0.0 GET localhost:8888/bbseason/13/images/icon_10.png
[运行时间：0.072451s] [吞吐率：13.80req/s] [内存消耗：3,181.25kb] [文件加载：44]
[ info ] [ LANG ] /Users/xinliu-mbp/Git/svcsa_web/thinkphp/lang/zh-cn.php
[ info ] [ ROUTE ] array (
  'type' => 'module',
  'module' => 
  array (
    0 => 'index',
    1 => 'bbseason',
    2 => 'read',
  ),
  'convert' => false,
)
[ info ] [ HEADER ] array (
  'host' => 'localhost:8888',
  'connection' => 'keep-alive',
  'sec-fetch-mode' => 'no-cors',
  'user-agent' => 'Mozilla/5.0 (Macintosh; Intel Mac OS X 10_14_5) AppleWebKit/537.36 (KHTML, like Gecko) Chrome/76.0.3809.100 Safari/537.36',
  'accept' => 'image/webp,image/apng,image/*,*/*;q=0.8',
  'sec-fetch-site' => 'same-origin',
  'referer' => 'http://localhost:8888/bbseason/13/bbteamrank',
  'accept-encoding' => 'gzip, deflate, br',
  'accept-language' => 'en-US,en;q=0.9,zh-CN;q=0.8,zh;q=0.7,mt;q=0.6,zh-TW;q=0.5',
)
[ info ] [ PARAM ] array (
  'id' => '13',
  'images' => 'icon_10',
)
[ info ] [ RUN ] app\index\controller\Bbseason->read[ /Users/xinliu-mbp/Git/svcsa_web/application/index/controller/Bbseason.php ]
[ info ] [ DB ] INIT mysql
[ info ] [ VIEW ] /Users/xinliu-mbp/Git/svcsa_web/public/../application/index/view/bbseason/read.html [ array (
  0 => 'bbcompetition',
  1 => 'sponsor',
  2 => 'nav',
  3 => 'thisseason',
  4 => 'matches',
  5 => 'otherseasons',
) ]
[ info ] [ LOG ] INIT File
[ sql ] [ DB ] CONNECT:[ UseTime:0.000813s ] mysql:host=127.0.0.1;port=8889;dbname=match;charset=utf8
[ sql ] [ SQL ] SHOW COLUMNS FROM `bb_competitionseason` [ RunTime:0.002210s ]
[ sql ] [ SQL ] SELECT * FROM `bb_competitionseason` WHERE  `SeasonID` = 13 LIMIT 1 [ RunTime:0.000712s ]
[ sql ] [ SQL ] SHOW COLUMNS FROM `bb_competition` [ RunTime:0.000802s ]
[ sql ] [ SQL ] SELECT * FROM `bb_competition` [ RunTime:0.000353s ]
[ sql ] [ SQL ] SHOW COLUMNS FROM `sponsor` [ RunTime:0.000826s ]
[ sql ] [ SQL ] SELECT * FROM `sponsor` [ RunTime:0.000286s ]
[ sql ] [ SQL ] SELECT * FROM `bb_competitionseason` WHERE  `CompetitionID` = 1 ORDER BY field(SeasonID,13),StartTime DESC [ RunTime:0.000834s ]
[ sql ] [ SQL ] SHOW COLUMNS FROM `bb_matchteam` [ RunTime:0.001611s ]
[ sql ] [ SQL ] SELECT * FROM `bb_matchteam` WHERE  `SeasonID` = 13 ORDER BY `StartTime` DESC [ RunTime:0.000918s ]
---------------------------------------------------------------
[ 2019-08-29T12:16:16+08:00 ] 0.0.0.0 GET localhost:8888/fonts//icomoon.ttf?dlla96
[运行时间：0.036154s] [吞吐率：27.66req/s] [内存消耗：1,972.70kb] [文件加载：29]
[ info ] [ LANG ] /Users/xinliu-mbp/Git/svcsa_web/thinkphp/lang/zh-cn.php
[ info ] [ ROUTE ] array (
  'type' => 'module',
  'module' => 
  array (
    0 => 'fonts',
    1 => 'icomoon',
    2 => NULL,
  ),
)
[ info ] [ HEADER ] array (
  'host' => 'localhost:8888',
  'connection' => 'keep-alive',
  'sec-fetch-mode' => 'cors',
  'origin' => 'http://localhost:8888',
  'user-agent' => 'Mozilla/5.0 (Macintosh; Intel Mac OS X 10_14_5) AppleWebKit/537.36 (KHTML, like Gecko) Chrome/76.0.3809.100 Safari/537.36',
  'accept' => '*/*',
  'sec-fetch-site' => 'same-origin',
  'referer' => 'http://localhost:8888/css/font.css',
  'accept-encoding' => 'gzip, deflate, br',
  'accept-language' => 'en-US,en;q=0.9,zh-CN;q=0.8,zh;q=0.7,mt;q=0.6,zh-TW;q=0.5',
)
[ info ] [ PARAM ] array (
  'dlla96' => '',
)
[ info ] [ LOG ] INIT File
---------------------------------------------------------------
[ 2019-08-29T12:16:16+08:00 ] 0.0.0.0 GET localhost:8888/js/swiper.min.js.map
[运行时间：0.028689s] [吞吐率：34.86req/s] [内存消耗：1,967.82kb] [文件加载：29]
[ info ] [ LANG ] /Users/xinliu-mbp/Git/svcsa_web/thinkphp/lang/zh-cn.php
[ info ] [ ROUTE ] array (
  'type' => 'module',
  'module' => 
  array (
    0 => 'js',
    1 => 'swiper.min.js',
    2 => NULL,
  ),
)
[ info ] [ HEADER ] array (
  'host' => 'localhost:8888',
  'connection' => 'keep-alive',
  'sec-fetch-site' => 'none',
  'user-agent' => 'Mozilla/5.0 (Macintosh; Intel Mac OS X 10_14_5) AppleWebKit/537.36 (KHTML, like Gecko) Chrome/76.0.3809.100 Safari/537.36',
  'accept-encoding' => 'gzip, deflate, br',
  'accept-language' => 'en-US,en;q=0.9,zh-CN;q=0.8,zh;q=0.7,mt;q=0.6,zh-TW;q=0.5',
)
[ info ] [ PARAM ] array (
)
[ info ] [ LOG ] INIT File
